d:\git\lua-5.4.4\src\lua\x64\release\lua.pdb
d:\git\lua-5.4.4\src\lua\x64\release\lopcodes.obj
d:\git\lua-5.4.4\src\lua\x64\release\lobject.obj
d:\git\lua-5.4.4\src\lua\x64\release\loadlib.obj
d:\git\lua-5.4.4\src\lua\x64\release\lmem.obj
d:\git\lua-5.4.4\src\lua\x64\release\lmathlib.obj
d:\git\lua-5.4.4\src\lua\x64\release\llex.obj
d:\git\lua-5.4.4\src\lua\x64\release\liolib.obj
d:\git\lua-5.4.4\src\lua\x64\release\linit.obj
d:\git\lua-5.4.4\src\lua\x64\release\lgc.obj
d:\git\lua-5.4.4\src\lua\x64\release\lfunc.obj
d:\git\lua-5.4.4\src\lua\x64\release\ldump.obj
d:\git\lua-5.4.4\src\lua\x64\release\ldo.obj
d:\git\lua-5.4.4\src\lua\x64\release\ldebug.obj
d:\git\lua-5.4.4\src\lua\x64\release\ldblib.obj
d:\git\lua-5.4.4\src\lua\x64\release\lctype.obj
d:\git\lua-5.4.4\src\lua\x64\release\lcorolib.obj
d:\git\lua-5.4.4\src\lua\x64\release\lcode.obj
d:\git\lua-5.4.4\src\lua\x64\release\lbaselib.obj
d:\git\lua-5.4.4\src\lua\x64\release\lauxlib.obj
d:\git\lua-5.4.4\src\lua\x64\release\lapi.obj
d:\git\lua-5.4.4\src\lua\x64\release\lzio.obj
d:\git\lua-5.4.4\src\lua\x64\release\lvm.obj
d:\git\lua-5.4.4\src\lua\x64\release\lutf8lib.obj
d:\git\lua-5.4.4\src\lua\x64\release\lundump.obj
d:\git\lua-5.4.4\src\lua\x64\release\lua.obj
d:\git\lua-5.4.4\src\lua\x64\release\ltm.obj
d:\git\lua-5.4.4\src\lua\x64\release\ltablib.obj
d:\git\lua-5.4.4\src\lua\x64\release\ltable.obj
d:\git\lua-5.4.4\src\lua\x64\release\lstrlib.obj
d:\git\lua-5.4.4\src\lua\x64\release\lstring.obj
d:\git\lua-5.4.4\src\lua\x64\release\lstate.obj
d:\git\lua-5.4.4\src\lua\x64\release\lparser.obj
d:\git\lua-5.4.4\src\lua\x64\release\loslib.obj
d:\git\lua-5.4.4\src\lua\x64\release\lua.lib
d:\git\lua-5.4.4\src\lua\x64\release\lua.tlog\cl.command.1.tlog
d:\git\lua-5.4.4\src\lua\x64\release\lua.tlog\cl.read.1.tlog
d:\git\lua-5.4.4\src\lua\x64\release\lua.tlog\cl.write.1.tlog
d:\git\lua-5.4.4\src\lua\x64\release\lua.tlog\lib-link.write.1.tlog
d:\git\lua-5.4.4\src\lua\x64\release\lua.tlog\lib.command.1.tlog
d:\git\lua-5.4.4\src\lua\x64\release\lua.tlog\lib.read.2.tlog
