[Licensing::Module] Successfully connected to LicensingClient on channel: LicenseClient-YuYang
Entitlement-based licensing initiated
[LicensingClient] Licenses Updated successfully in LicensingClient

LICENSE SYSTEM [2020414 20:53:52] Next license update check is after 2020-04-15T02:01:34

Built from '2019.3/china_unity/release' branch; Version is '2019.3.4f1 (3274385dcda2) revision 3306552'; Using compiler version '191627012'
OS: 'Windows 10  (10.0.0) 64bit' Language: 'zh' Physical Memory: 16318 MB
[Licensing::Module] Serial number assigned to: "F4-CKWA-5VRG-UD5N-PXXA-XXXX"\nBatchMode: 1, IsHumanControllingUs: 0, StartBugReporterOnCrash: 0, Is64bit: 1, IsPro: 0
[Package Manager] Server::Start -- Port 51763 was selected

 COMMAND LINE ARGUMENTS:
C:\Program Files\Unity\Hub\Editor\2019.3.4f1\Editor\Unity.exe
-batchmode
-nographics
-logFile
build.log
-executeMethod
Extend.Editor.EditorUtility.RebuildAllAndroid
-logfile
build.txt
D:/git/Unity-Extend
It looks like another Unity instance is running with this project open.

Multiple Unity instances cannot open the same project.

Project: D:/git/Unity-Extend 
(Filename: E:\unity\Editor/Src/Application/Application.cpp Line: 399)

Fatal Error! It looks like another Unity instance is running with this project open.

Multiple Unity instances cannot open the same project.

Project: D:/git/Unity-Extend
 
(Filename: E:\unity\Runtime/Utilities/Argv.cpp Line: 361)

Exiting without the bug reporter. Application will terminate with return code 1